<?xml version="1.0" encoding="UTF-8"?>
<testsuite name="com.dodo.proto_dodo.ProtoDodoApplicationTests" tests="1" skipped="0" failures="0" errors="0" timestamp="2023-10-16T20:49:09" hostname="Ds-MacBook-Air.attlocal.net" time="0.613">
  <properties/>
  <testcase name="contextLoads()" classname="com.dodo.proto_dodo.ProtoDodoApplicationTests" time="0.613"/>
  <system-out><![CDATA[15:49:04.034 [Test worker] DEBUG org.springframework.test.context.BootstrapUtils - Instantiating CacheAwareContextLoaderDelegate from class [org.springframework.test.context.cache.DefaultCacheAwareContextLoaderDelegate]
15:49:04.050 [Test worker] DEBUG org.springframework.test.context.BootstrapUtils - Instantiating BootstrapContext using constructor [public org.springframework.test.context.support.DefaultBootstrapContext(java.lang.Class,org.springframework.test.context.CacheAwareContextLoaderDelegate)]
15:49:04.131 [Test worker] DEBUG org.springframework.test.context.BootstrapUtils - Instantiating TestContextBootstrapper for test class [com.dodo.proto_dodo.ProtoDodoApplicationTests] from class [org.springframework.boot.test.context.SpringBootTestContextBootstrapper]
15:49:04.155 [Test worker] INFO org.springframework.boot.test.context.SpringBootTestContextBootstrapper - Neither @ContextConfiguration nor @ContextHierarchy found for test class [com.dodo.proto_dodo.ProtoDodoApplicationTests], using SpringBootContextLoader
15:49:04.161 [Test worker] DEBUG org.springframework.test.context.support.AbstractContextLoader - Did not detect default resource location for test class [com.dodo.proto_dodo.ProtoDodoApplicationTests]: class path resource [com/dodo/proto_dodo/ProtoDodoApplicationTests-context.xml] does not exist
15:49:04.162 [Test worker] DEBUG org.springframework.test.context.support.AbstractContextLoader - Did not detect default resource location for test class [com.dodo.proto_dodo.ProtoDodoApplicationTests]: class path resource [com/dodo/proto_dodo/ProtoDodoApplicationTestsContext.groovy] does not exist
15:49:04.162 [Test worker] INFO org.springframework.test.context.support.AbstractContextLoader - Could not detect default resource locations for test class [com.dodo.proto_dodo.ProtoDodoApplicationTests]: no resource found for suffixes {-context.xml, Context.groovy}.
15:49:04.163 [Test worker] INFO org.springframework.test.context.support.AnnotationConfigContextLoaderUtils - Could not detect default configuration classes for test class [com.dodo.proto_dodo.ProtoDodoApplicationTests]: ProtoDodoApplicationTests does not declare any static, non-private, non-final, nested classes annotated with @Configuration.
15:49:04.236 [Test worker] DEBUG org.springframework.test.context.support.ActiveProfilesUtils - Could not find an 'annotation declaring class' for annotation type [org.springframework.test.context.ActiveProfiles] and class [com.dodo.proto_dodo.ProtoDodoApplicationTests]
15:49:04.336 [Test worker] DEBUG org.springframework.context.annotation.ClassPathScanningCandidateComponentProvider - Identified candidate component class: file [/Users/danielpritt/Desktop/Dev/re_dodo/html_proto_dodo/proto_dodo/build/classes/java/main/com/dodo/proto_dodo/ProtoDodoApplication.class]
15:49:04.340 [Test worker] INFO org.springframework.boot.test.context.SpringBootTestContextBootstrapper - Found @SpringBootConfiguration com.dodo.proto_dodo.ProtoDodoApplication for test class com.dodo.proto_dodo.ProtoDodoApplicationTests
15:49:04.508 [Test worker] DEBUG org.springframework.boot.test.context.SpringBootTestContextBootstrapper - @TestExecutionListeners is not present for class [com.dodo.proto_dodo.ProtoDodoApplicationTests]: using defaults.
15:49:04.509 [Test worker] INFO org.springframework.boot.test.context.SpringBootTestContextBootstrapper - Loaded default TestExecutionListener class names from location [META-INF/spring.factories]: [org.springframework.boot.test.autoconfigure.restdocs.RestDocsTestExecutionListener, org.springframework.boot.test.autoconfigure.web.client.MockRestServiceServerResetTestExecutionListener, org.springframework.boot.test.autoconfigure.web.servlet.MockMvcPrintOnlyOnFailureTestExecutionListener, org.springframework.boot.test.autoconfigure.web.servlet.WebDriverTestExecutionListener, org.springframework.boot.test.autoconfigure.webservices.client.MockWebServiceServerTestExecutionListener, org.springframework.boot.test.mock.mockito.MockitoTestExecutionListener, org.springframework.boot.test.mock.mockito.ResetMocksTestExecutionListener, org.springframework.test.context.web.ServletTestExecutionListener, org.springframework.test.context.support.DirtiesContextBeforeModesTestExecutionListener, org.springframework.test.context.event.ApplicationEventsTestExecutionListener, org.springframework.test.context.support.DependencyInjectionTestExecutionListener, org.springframework.test.context.support.DirtiesContextTestExecutionListener, org.springframework.test.context.transaction.TransactionalTestExecutionListener, org.springframework.test.context.jdbc.SqlScriptsTestExecutionListener, org.springframework.test.context.event.EventPublishingTestExecutionListener]
15:49:04.526 [Test worker] DEBUG org.springframework.boot.test.context.SpringBootTestContextBootstrapper - Skipping candidate TestExecutionListener [org.springframework.test.context.transaction.TransactionalTestExecutionListener] due to a missing dependency. Specify custom listener classes or make the default listener classes and their required dependencies available. Offending class: [org/springframework/transaction/TransactionDefinition]
15:49:04.527 [Test worker] DEBUG org.springframework.boot.test.context.SpringBootTestContextBootstrapper - Skipping candidate TestExecutionListener [org.springframework.test.context.jdbc.SqlScriptsTestExecutionListener] due to a missing dependency. Specify custom listener classes or make the default listener classes and their required dependencies available. Offending class: [org/springframework/transaction/interceptor/TransactionAttribute]
15:49:04.528 [Test worker] INFO org.springframework.boot.test.context.SpringBootTestContextBootstrapper - Using TestExecutionListeners: [org.springframework.test.context.web.ServletTestExecutionListener@2970a5bc, org.springframework.test.context.support.DirtiesContextBeforeModesTestExecutionListener@50305a, org.springframework.test.context.event.ApplicationEventsTestExecutionListener@72efb5c1, org.springframework.boot.test.mock.mockito.MockitoTestExecutionListener@6d511b5f, org.springframework.boot.test.autoconfigure.SpringBootDependencyInjectionTestExecutionListener@41200e0c, org.springframework.test.context.support.DirtiesContextTestExecutionListener@40f33492, org.springframework.test.context.event.EventPublishingTestExecutionListener@4fbdc0f0, org.springframework.boot.test.autoconfigure.restdocs.RestDocsTestExecutionListener@2ad3a1bb, org.springframework.boot.test.autoconfigure.web.client.MockRestServiceServerResetTestExecutionListener@6bc28a83, org.springframework.boot.test.autoconfigure.web.servlet.MockMvcPrintOnlyOnFailureTestExecutionListener@324c64cd, org.springframework.boot.test.autoconfigure.web.servlet.WebDriverTestExecutionListener@13579834, org.springframework.boot.test.autoconfigure.webservices.client.MockWebServiceServerTestExecutionListener@24be2d9c, org.springframework.boot.test.mock.mockito.ResetMocksTestExecutionListener@5bd73d1a]
15:49:04.533 [Test worker] DEBUG org.springframework.test.context.support.AbstractDirtiesContextTestExecutionListener - Before test class: context [DefaultTestContext@5af9926a testClass = ProtoDodoApplicationTests, testInstance = [null], testMethod = [null], testException = [null], mergedContextConfiguration = [WebMergedContextConfiguration@43c67247 testClass = ProtoDodoApplicationTests, locations = '{}', classes = '{class com.dodo.proto_dodo.ProtoDodoApplication}', contextInitializerClasses = '[]', activeProfiles = '{}', propertySourceLocations = '{}', propertySourceProperties = '{org.springframework.boot.test.context.SpringBootTestContextBootstrapper=true}', contextCustomizers = set[org.springframework.boot.test.autoconfigure.actuate.metrics.MetricsExportContextCustomizerFactory$DisableMetricExportContextCustomizer@5d1659ea, org.springframework.boot.test.autoconfigure.properties.PropertyMappingContextCustomizer@0, org.springframework.boot.test.autoconfigure.web.servlet.WebDriverContextCustomizerFactory$Customizer@625abb97, org.springframework.boot.test.context.filter.ExcludeFilterContextCustomizer@55342f40, org.springframework.boot.test.json.DuplicateJsonObjectContextCustomizerFactory$DuplicateJsonObjectContextCustomizer@2a2c13a8, org.springframework.boot.test.mock.mockito.MockitoContextCustomizer@0, org.springframework.boot.test.web.client.TestRestTemplateContextCustomizer@3a3e4aff, org.springframework.boot.test.context.SpringBootTestArgs@1, org.springframework.boot.test.context.SpringBootTestWebEnvironment@10289886], resourceBasePath = 'src/main/webapp', contextLoader = 'org.springframework.boot.test.context.SpringBootContextLoader', parent = [null]], attributes = map['org.springframework.test.context.web.ServletTestExecutionListener.activateListener' -> true]], class annotated with @DirtiesContext [false] with mode [null].

  .   ____          _            __ _ _
 /\\ / ___'_ __ _ _(_)_ __  __ _ \ \ \ \
( ( )\___ | '_ | '_| | '_ \/ _` | \ \ \ \
 \\/  ___)| |_)| | | | | || (_| |  ) ) ) )
  '  |____| .__|_| |_|_| |_\__, | / / / /
 =========|_|==============|___/=/_/_/_/
 :: Spring Boot ::               (v2.7.16)

2023-10-16 15:49:05.496  INFO 95671 --- [    Test worker] c.d.p.ProtoDodoApplicationTests          : Starting ProtoDodoApplicationTests using Java 11.0.16 on Ds-MacBook-Air.attlocal.net with PID 95671 (started by danielpritt in /Users/danielpritt/Desktop/Dev/re_dodo/html_proto_dodo/proto_dodo)
2023-10-16 15:49:05.501  INFO 95671 --- [    Test worker] c.d.p.ProtoDodoApplicationTests          : No active profile set, falling back to 1 default profile: "default"
2023-10-16 15:49:09.065  INFO 95671 --- [    Test worker] c.d.p.ProtoDodoApplicationTests          : Started ProtoDodoApplicationTests in 4.452 seconds (JVM running for 6.736)
]]></system-out>
  <system-err><![CDATA[]]></system-err>
</testsuite>
